0 info it worked if it ends with ok
1 verbose cli [ '/usr/local/opt/nvm/v0.10.33/bin/node',
1 verbose cli   '/usr/local/opt/nvm/v0.10.33/bin/npm',
1 verbose cli   'test' ]
2 info using npm@1.4.28
3 info using node@v0.10.33
4 verbose node symlink /usr/local/opt/nvm/v0.10.33/bin/node
5 error Error: ENOENT, open '/Users/rhazes/Documents/repos/Github/bytezen/ash-js/src/bz-ash/package.json'
6 error If you need help, you may report this *entire* log,
6 error including the npm and node versions, at:
6 error     <http://github.com/npm/npm/issues>
7 error System Darwin 14.5.0
8 error command "/usr/local/opt/nvm/v0.10.33/bin/node" "/usr/local/opt/nvm/v0.10.33/bin/npm" "test"
9 error cwd /Users/rhazes/Documents/repos/Github/bytezen/ash-js/src/bz-ash
10 error node -v v0.10.33
11 error npm -v 1.4.28
12 error path /Users/rhazes/Documents/repos/Github/bytezen/ash-js/src/bz-ash/package.json
13 error code ENOENT
14 error errno 34
15 verbose exit [ 34, true ]
